生成启动时间为 2016/12/20 1:49:42。
     1>项目“C:\Users\zeng\Documents\Visual Studio 2015\Projects\pl0多维数组\pl0\pl0.vcxproj”在节点 2 上(Build 个目标)。
     1>ClCompile:
         C:\Program Files (x86)\Microsoft Visual Studio 14.0\VC\bin\CL.exe /c /ZI /nologo /W3 /WX- /sdl- /Od /Oy- /D WIN32 /D _DEBUG /D _CONSOLE /D _UNICODE /D UNICODE /Gm /EHsc /RTC1 /MDd /GS /fp:precise /Zc:wchar_t /Zc:forScope /Zc:inline /Fo"Debug\\" /Fd"Debug\vc140.pdb" /Gd /TC /analyze- /errorReport:prompt pl0.c
         pl0.c
     1>c:\users\zeng\documents\visual studio 2015\projects\pl0多维数组\pl0\pl0.c(71): warning C4996: 'strcpy': This function or variable may be unsafe. Consider using strcpy_s instead. To disable deprecation, use _CRT_SECURE_NO_WARNINGS. See online help for details.
         c:\program files (x86)\windows kits\10\include\10.0.10150.0\ucrt\string.h(119): note: 参见“strcpy”的声明
     1>c:\users\zeng\documents\visual studio 2015\projects\pl0多维数组\pl0\pl0.c(244): warning C4996: 'strcpy': This function or variable may be unsafe. Consider using strcpy_s instead. To disable deprecation, use _CRT_SECURE_NO_WARNINGS. See online help for details.
         c:\program files (x86)\windows kits\10\include\10.0.10150.0\ucrt\string.h(119): note: 参见“strcpy”的声明
     1>c:\users\zeng\documents\visual studio 2015\projects\pl0多维数组\pl0\pl0.c(266): warning C4996: 'strcpy': This function or variable may be unsafe. Consider using strcpy_s instead. To disable deprecation, use _CRT_SECURE_NO_WARNINGS. See online help for details.
         c:\program files (x86)\windows kits\10\include\10.0.10150.0\ucrt\string.h(119): note: 参见“strcpy”的声明
     1>c:\users\zeng\documents\visual studio 2015\projects\pl0多维数组\pl0\pl0.c(279): warning C4996: 'strcpy': This function or variable may be unsafe. Consider using strcpy_s instead. To disable deprecation, use _CRT_SECURE_NO_WARNINGS. See online help for details.
         c:\program files (x86)\windows kits\10\include\10.0.10150.0\ucrt\string.h(119): note: 参见“strcpy”的声明
     1>c:\users\zeng\documents\visual studio 2015\projects\pl0多维数组\pl0\pl0.c(285): warning C4996: 'strcpy': This function or variable may be unsafe. Consider using strcpy_s instead. To disable deprecation, use _CRT_SECURE_NO_WARNINGS. See online help for details.
         c:\program files (x86)\windows kits\10\include\10.0.10150.0\ucrt\string.h(119): note: 参见“strcpy”的声明
     1>c:\users\zeng\documents\visual studio 2015\projects\pl0多维数组\pl0\pl0.c(295): warning C4996: 'strcpy': This function or variable may be unsafe. Consider using strcpy_s instead. To disable deprecation, use _CRT_SECURE_NO_WARNINGS. See online help for details.
         c:\program files (x86)\windows kits\10\include\10.0.10150.0\ucrt\string.h(119): note: 参见“strcpy”的声明
     1>c:\users\zeng\documents\visual studio 2015\projects\pl0多维数组\pl0\pl0.c(303): warning C4996: 'strcpy': This function or variable may be unsafe. Consider using strcpy_s instead. To disable deprecation, use _CRT_SECURE_NO_WARNINGS. See online help for details.
         c:\program files (x86)\windows kits\10\include\10.0.10150.0\ucrt\string.h(119): note: 参见“strcpy”的声明
     1>c:\users\zeng\documents\visual studio 2015\projects\pl0多维数组\pl0\pl0.c(316): warning C4996: 'strcpy': This function or variable may be unsafe. Consider using strcpy_s instead. To disable deprecation, use _CRT_SECURE_NO_WARNINGS. See online help for details.
         c:\program files (x86)\windows kits\10\include\10.0.10150.0\ucrt\string.h(119): note: 参见“strcpy”的声明
     1>c:\users\zeng\documents\visual studio 2015\projects\pl0多维数组\pl0\pl0.c(1252): warning C4996: 'scanf': This function or variable may be unsafe. Consider using scanf_s instead. To disable deprecation, use _CRT_SECURE_NO_WARNINGS. See online help for details.
         c:\program files (x86)\windows kits\10\include\10.0.10150.0\ucrt\stdio.h(1270): note: 参见“scanf”的声明
     1>c:\users\zeng\documents\visual studio 2015\projects\pl0多维数组\pl0\pl0.c(1273): warning C4996: 'scanf': This function or variable may be unsafe. Consider using scanf_s instead. To disable deprecation, use _CRT_SECURE_NO_WARNINGS. See online help for details.
         c:\program files (x86)\windows kits\10\include\10.0.10150.0\ucrt\stdio.h(1270): note: 参见“scanf”的声明
     1>c:\users\zeng\documents\visual studio 2015\projects\pl0多维数组\pl0\pl0.c(1294): warning C4996: 'scanf': This function or variable may be unsafe. Consider using scanf_s instead. To disable deprecation, use _CRT_SECURE_NO_WARNINGS. See online help for details.
         c:\program files (x86)\windows kits\10\include\10.0.10150.0\ucrt\stdio.h(1270): note: 参见“scanf”的声明
     1>c:\users\zeng\documents\visual studio 2015\projects\pl0多维数组\pl0\pl0.c(1339): warning C4996: 'scanf': This function or variable may be unsafe. Consider using scanf_s instead. To disable deprecation, use _CRT_SECURE_NO_WARNINGS. See online help for details.
         c:\program files (x86)\windows kits\10\include\10.0.10150.0\ucrt\stdio.h(1270): note: 参见“scanf”的声明
     1>c:\users\zeng\documents\visual studio 2015\projects\pl0多维数组\pl0\pl0.c(1340): warning C4996: 'fopen': This function or variable may be unsafe. Consider using fopen_s instead. To disable deprecation, use _CRT_SECURE_NO_WARNINGS. See online help for details.
         c:\program files (x86)\windows kits\10\include\10.0.10150.0\ucrt\stdio.h(205): note: 参见“fopen”的声明
     1>c:\users\zeng\documents\visual studio 2015\projects\pl0多维数组\pl0\pl0.c(1376): warning C4996: 'fopen': This function or variable may be unsafe. Consider using fopen_s instead. To disable deprecation, use _CRT_SECURE_NO_WARNINGS. See online help for details.
         c:\program files (x86)\windows kits\10\include\10.0.10150.0\ucrt\stdio.h(205): note: 参见“fopen”的声明
       Link:
         C:\Program Files (x86)\Microsoft Visual Studio 14.0\VC\bin\link.exe /ERRORREPORT:PROMPT /OUT:"C:\Users\zeng\Documents\Visual Studio 2015\Projects\pl0多维数组\Debug\pl0.exe" /INCREMENTAL /NOLOGO kernel32.lib user32.lib gdi32.lib winspool.lib comdlg32.lib advapi32.lib shell32.lib ole32.lib oleaut32.lib uuid.lib odbc32.lib odbccp32.lib /MANIFEST /MANIFESTUAC:"level='asInvoker' uiAccess='false'" /manifest:embed /Debug /PDB:"C:\Users\zeng\Documents\Visual Studio 2015\Projects\pl0多维数组\Debug\pl0.pdb" /SUBSYSTEM:CONSOLE /TLBID:1 /DYNAMICBASE /NXCOMPAT /IMPLIB:"C:\Users\zeng\Documents\Visual Studio 2015\Projects\pl0多维数组\Debug\pl0.lib" /MACHINE:X86 Debug\pl0.obj
         pl0.vcxproj -> C:\Users\zeng\Documents\Visual Studio 2015\Projects\pl0多维数组\Debug\pl0.exe
     1>已完成生成项目“C:\Users\zeng\Documents\Visual Studio 2015\Projects\pl0多维数组\pl0\pl0.vcxproj”(Build 个目标)的操作。

已成功生成。

已用时间 00:00:01.84
